[20:28:48] [main/INFO]: Setting user: Player586
[20:28:53] [main/WARN]: Skipping bad option: lastServer:
[20:28:53] [main/INFO]: LWJGL Version: 2.9.4
[20:28:59] [main/INFO]: Reloading ResourceManager: Default, FMLFileResourcePack:Forge Mod Loader, FMLFileResourcePack:Minecraft Forge, FMLFileResourcePack:Tutorial Mod
[20:29:10] [Sound Library Loader/INFO]: Starting up SoundSystem...
[20:29:10] [Thread-5/INFO]: Initializing LWJGL OpenAL
[20:29:10] [Thread-5/INFO]: (The LWJGL binding of OpenAL.  For more information, see http://www.lwjgl.org)
[20:29:12] [Thread-5/INFO]: OpenAL initialized.
[20:29:12] [Sound Library Loader/INFO]: Sound engine started
[20:29:17] [main/INFO]: Created: 512x512 textures-atlas
[20:29:21] [main/WARN]: Skipping bad option: lastServer:
[20:29:21] [main/INFO]: Narrator library for x64 successfully loaded
[20:29:22] [Realms Notification Availability checker #1/INFO]: Could not authorize you against Realms server: Invalid session id
[20:29:31] [main/INFO]: Deleting level New World
[20:29:31] [main/INFO]: Attempt 1...
[20:29:36] [Server thread/INFO]: Starting integrated minecraft server version 1.12.2
[20:29:36] [Server thread/INFO]: Generating keypair
[20:29:37] [Server thread/INFO]: Loaded 488 advancements
[20:29:38] [Server thread/INFO]: Preparing start region for level 0
[20:29:39] [Server thread/INFO]: Preparing spawn area: 5%
[20:29:40] [Server thread/INFO]: Preparing spawn area: 9%
[20:29:41] [Server thread/INFO]: Preparing spawn area: 16%
[20:29:42] [Server thread/INFO]: Preparing spawn area: 23%
[20:29:43] [Server thread/INFO]: Preparing spawn area: 32%
[20:29:44] [Server thread/INFO]: Preparing spawn area: 39%
[20:29:45] [Server thread/INFO]: Preparing spawn area: 48%
[20:29:46] [Server thread/INFO]: Preparing spawn area: 56%
[20:29:47] [Server thread/INFO]: Preparing spawn area: 64%
[20:29:48] [Server thread/INFO]: Preparing spawn area: 73%
[20:29:49] [Server thread/INFO]: Preparing spawn area: 86%
[20:29:50] [Server thread/INFO]: Preparing spawn area: 96%
[20:29:51] [Server thread/INFO]: Changing view distance to 12, from 10
[20:29:53] [Server thread/INFO]: Player586[local:E:cc0957a7] logged in with entity id 1568 at (-183.5, 70.0, 242.5)
[20:29:53] [Server thread/INFO]: Player586 joined the game
[20:29:53] [Server thread/WARN]: Can't keep up! Did the system time change, or is the server overloaded? Running 2649ms behind, skipping 52 tick(s)
[20:29:55] [pool-2-thread-1/WARN]: Couldn't look up profile properties for com.mojang.authlib.GameProfile@6adbc0e5[id=4ebb02a4-f60f-3bbd-8cd6-a4ac4ed3f510,name=Player586,properties={},legacy=false]
com.mojang.authlib.exceptions.AuthenticationException: The client has sent too many requests within a certain amount of time
	at com.mojang.authlib.yggdrasil.YggdrasilAuthenticationService.makeRequest(YggdrasilAuthenticationService.java:79) ~[YggdrasilAuthenticationService.class:?]
	at com.mojang.authlib.yggdrasil.YggdrasilMinecraftSessionService.fillGameProfile(YggdrasilMinecraftSessionService.java:180) [YggdrasilMinecraftSessionService.class:?]
	at com.mojang.authlib.yggdrasil.YggdrasilMinecraftSessionService$1.load(YggdrasilMinecraftSessionService.java:60) [YggdrasilMinecraftSessionService$1.class:?]
	at com.mojang.authlib.yggdrasil.YggdrasilMinecraftSessionService$1.load(YggdrasilMinecraftSessionService.java:57) [YggdrasilMinecraftSessionService$1.class:?]
	at com.google.common.cache.LocalCache$LoadingValueReference.loadFuture(LocalCache.java:3716) [guava-21.0.jar:?]
	at com.google.common.cache.LocalCache$Segment.loadSync(LocalCache.java:2424) [guava-21.0.jar:?]
	at com.google.common.cache.LocalCache$Segment.lockedGetOrLoad(LocalCache.java:2298) [guava-21.0.jar:?]
	at com.google.common.cache.LocalCache$Segment.get(LocalCache.java:2211) [guava-21.0.jar:?]
	at com.google.common.cache.LocalCache.get(LocalCache.java:4154) [guava-21.0.jar:?]
	at com.google.common.cache.LocalCache.getOrLoad(LocalCache.java:4158) [guava-21.0.jar:?]
	at com.google.common.cache.LocalCache$LocalLoadingCache.get(LocalCache.java:5147) [guava-21.0.jar:?]
	at com.google.common.cache.LocalCache$LocalLoadingCache.getUnchecked(LocalCache.java:5153) [guava-21.0.jar:?]
	at com.mojang.authlib.yggdrasil.YggdrasilMinecraftSessionService.fillProfileProperties(YggdrasilMinecraftSessionService.java:170) [YggdrasilMinecraftSessionService.class:?]
	at net.minecraft.client.Minecraft.getProfileProperties(Minecraft.java:3188) [Minecraft.class:?]
	at net.minecraft.client.resources.SkinManager$3.run(SkinManager.java:138) [SkinManager$3.class:?]
	at java.util.concurrent.Executors$RunnableAdapter.call(Unknown Source) [?:1.8.0_161]
	at java.util.concurrent.FutureTask.run(Unknown Source) [?:1.8.0_161]
	at java.util.concurrent.ThreadPoolExecutor.runWorker(Unknown Source) [?:1.8.0_161]
	at java.util.concurrent.ThreadPoolExecutor$Worker.run(Unknown Source) [?:1.8.0_161]
	at java.lang.Thread.run(Unknown Source) [?:1.8.0_161]
[20:30:18] [Server thread/INFO]: Saving and pausing game...
[20:30:18] [Server thread/INFO]: Saving chunks for level 'New World'/overworld
[20:30:19] [Server thread/INFO]: Saving chunks for level 'New World'/the_nether
[20:30:19] [Server thread/INFO]: Saving chunks for level 'New World'/the_end
[20:30:19] [Server thread/INFO]: Stopping server
[20:30:19] [Server thread/INFO]: Saving players
[20:30:19] [Server thread/INFO]: Player586 lost connection: Disconnected
[20:30:19] [Server thread/INFO]: Player586 left the game
[20:30:19] [Server thread/INFO]: Stopping singleplayer server as player logged out
[20:30:19] [Server thread/INFO]: Saving worlds
[20:30:19] [Server thread/INFO]: Saving chunks for level 'New World'/overworld
[20:30:20] [Server thread/INFO]: Saving chunks for level 'New World'/the_nether
[20:30:20] [Server thread/INFO]: Saving chunks for level 'New World'/the_end
[20:30:24] [main/INFO]: Stopping!
[20:30:24] [main/INFO]: SoundSystem shutting down...
[20:30:24] [main/WARN]: Author: Paul Lamb, www.paulscode.com
